[1;34m[17:06:03][0m libjpeg-turbo already built â€“ skipping
[1;34m[17:06:03][0m libpng already built â€“ skipping
[1;34m[17:06:03][0m Building libwebp 1.3.2 (static, universal)
-- The C compiler identification is AppleClang 17.0.0.17000013
-- Detecting C compiler ABI info
-- Detecting C compiler ABI info - done
-- Check for working C compiler: /Applications/Xcode.app/Contents/Developer/Toolchains/XcodeDefault.xctoolchain/usr/bin/cc - skipped
-- Detecting C compile features
-- Detecting C compile features - done
-- Performing Test HAVE_BUILTIN_BSWAP16
-- Performing Test HAVE_BUILTIN_BSWAP16 - Success
-- Performing Test HAVE_BUILTIN_BSWAP32
-- Performing Test HAVE_BUILTIN_BSWAP32 - Success
-- Performing Test HAVE_BUILTIN_BSWAP64
-- Performing Test HAVE_BUILTIN_BSWAP64 - Success
-- Performing Test CMAKE_HAVE_LIBC_PTHREAD
-- Performing Test CMAKE_HAVE_LIBC_PTHREAD - Success
-- Found Threads: TRUE
-- Found OpenGL: /Applications/Xcode.app/Contents/Developer/Platforms/MacOSX.platform/Developer/SDKs/MacOSX15.5.sdk/System/Library/Frameworks/OpenGL.framework
-- Performing Test HAVE_MATH_LIBRARY
-- Performing Test HAVE_MATH_LIBRARY - Success
-- Found ZLIB: /Applications/Xcode.app/Contents/Developer/Platforms/MacOSX.platform/Developer/SDKs/MacOSX15.5.sdk/usr/lib/libz.tbd (found version "1.2.12")
-- Found PNG: /Users/adam/Developer/vcs/github.twardoch/pub/pdf2htmlEX/v2/build/staging/lib/libpng.a (found version "1.6.40")
-- Found JPEG: /Users/adam/Developer/vcs/github.twardoch/pub/pdf2htmlEX/v2/build/staging/lib/libjpeg.a (found version "62")
-- TIFF is disabled when statically linking.
-- Found GIF: /usr/local/lib/libgif.a (found version "5.2.2")
-- Performing Test GIF_COMPILES
-- Performing Test GIF_COMPILES - Success
-- Looking for include file GLUT/glut.h
-- Looking for include file GLUT/glut.h - found
-- Looking for include file GL/glut.h
-- Looking for include file GL/glut.h - not found
-- Looking for include file OpenGL/glut.h
-- Looking for include file OpenGL/glut.h - not found
-- Looking for include file shlwapi.h
-- Looking for include file shlwapi.h - not found
-- Looking for include file unistd.h
-- Looking for include file unistd.h - found
-- Looking for include file wincodec.h
-- Looking for include file wincodec.h - not found
-- Looking for include file windows.h
-- Looking for include file windows.h - not found
-- Performing Test WEBP_HAVE_FLAG_SSE41
-- Performing Test WEBP_HAVE_FLAG_SSE41 - Failed
-- Performing Test WEBP_HAVE_FLAG_SSE41
-- Performing Test WEBP_HAVE_FLAG_SSE41 - Failed
-- Performing Test HAS_COMPILE_FLAG
-- Performing Test HAS_COMPILE_FLAG - Success
-- Performing Test FLAG_-mno-sse4.1
-- Performing Test FLAG_-mno-sse4.1 - Success
-- Performing Test WEBP_HAVE_FLAG_SSE2
-- Performing Test WEBP_HAVE_FLAG_SSE2 - Failed
-- Performing Test WEBP_HAVE_FLAG_SSE2
-- Performing Test WEBP_HAVE_FLAG_SSE2 - Failed
-- Performing Test HAS_COMPILE_FLAG
-- Performing Test HAS_COMPILE_FLAG - Success
-- Performing Test FLAG_-mno-sse2
-- Performing Test FLAG_-mno-sse2 - Success
-- Performing Test WEBP_HAVE_FLAG_MIPS32
-- Performing Test WEBP_HAVE_FLAG_MIPS32 - Failed
-- Performing Test WEBP_HAVE_FLAG_MIPS32
-- Performing Test WEBP_HAVE_FLAG_MIPS32 - Failed
-- Performing Test WEBP_HAVE_FLAG_MIPS_DSP_R2
-- Performing Test WEBP_HAVE_FLAG_MIPS_DSP_R2 - Failed
-- Performing Test WEBP_HAVE_FLAG_MIPS_DSP_R2
-- Performing Test WEBP_HAVE_FLAG_MIPS_DSP_R2 - Failed
-- Performing Test HAS_COMPILE_FLAG
-- Performing Test HAS_COMPILE_FLAG - Failed
-- Performing Test WEBP_HAVE_FLAG_NEON
-- Performing Test WEBP_HAVE_FLAG_NEON - Failed
-- Performing Test WEBP_HAVE_FLAG_NEON
-- Performing Test WEBP_HAVE_FLAG_NEON - Failed
-- Performing Test WEBP_HAVE_FLAG_MSA
-- Performing Test WEBP_HAVE_FLAG_MSA - Failed
-- Performing Test WEBP_HAVE_FLAG_MSA
-- Performing Test WEBP_HAVE_FLAG_MSA - Failed
-- Performing Test HAS_COMPILE_FLAG
-- Performing Test HAS_COMPILE_FLAG - Failed
-- Configuring done (17.5s)
-- Generating done (0.3s)
-- Build files have been written to: /Users/adam/Developer/vcs/github.twardoch/pub/pdf2htmlEX/v2/build/src/libwebp-1.3.2/build
[1/130] Building C object CMakeFiles/sharpyuv.dir/sharpyuv/sharpyuv_csp.c.o
FAILED: CMakeFiles/sharpyuv.dir/sharpyuv/sharpyuv_csp.c.o 
/Applications/Xcode.app/Contents/Developer/Toolchains/XcodeDefault.xctoolchain/usr/bin/cc -DHAVE_CONFIG_H -I/Users/adam/Developer/vcs/github.twardoch/pub/pdf2htmlEX/v2/build/src/libwebp-1.3.2/build -I/Users/adam/Developer/vcs/github.twardoch/pub/pdf2htmlEX/v2/build/src/libwebp-1.3.2 -I/Users/adam/Developer/vcs/github.twardoch/pub/pdf2htmlEX/v2/build/src/libwebp-1.3.2/src -I/usr/local/include -I/Users/adam/Developer/vcs/github.twardoch/pub/pdf2htmlEX/v2/build/staging/include -I/Library/Frameworks/ONJpeg.framework/Headers -pthread -mno-sse4.1 -mno-sse2 -O3 -DNDEBUG -arch x86_64 -arch arm64 -isysroot /Applications/Xcode.app/Contents/Developer/Platforms/MacOSX.platform/Developer/SDKs/MacOSX15.5.sdk -fPIC -fvisibility=hidden -MD -MT CMakeFiles/sharpyuv.dir/sharpyuv/sharpyuv_csp.c.o -MF CMakeFiles/sharpyuv.dir/sharpyuv/sharpyuv_csp.c.o.d -o CMakeFiles/sharpyuv.dir/sharpyuv/sharpyuv_csp.c.o -c /Users/adam/Developer/vcs/github.twardoch/pub/pdf2htmlEX/v2/build/src/libwebp-1.3.2/sharpyuv/sharpyuv_csp.c
In file included from /Users/adam/Developer/vcs/github.twardoch/pub/pdf2htmlEX/v2/build/src/libwebp-1.3.2/sharpyuv/sharpyuv_csp.c:15:
/Applications/Xcode.app/Contents/Developer/Platforms/MacOSX.platform/Developer/SDKs/MacOSX15.5.sdk/usr/include/math.h:619:27: error: _Float16 is not supported on this target
  619 | extern _Float16 __fabsf16(_Float16) __API_AVAILABLE(macos(15.0), ios(18.0), watchos(11.0), tvos(18.0));
      |                           ^
/Applications/Xcode.app/Contents/Developer/Platforms/MacOSX.platform/Developer/SDKs/MacOSX15.5.sdk/usr/include/math.h:619:8: error: _Float16 is not supported on this target
  619 | extern _Float16 __fabsf16(_Float16) __API_AVAILABLE(macos(15.0), ios(18.0), watchos(11.0), tvos(18.0));
      |        ^
/Applications/Xcode.app/Contents/Developer/Platforms/MacOSX.platform/Developer/SDKs/MacOSX15.5.sdk/usr/include/math.h:620:28: error: _Float16 is not supported on this target
  620 | extern _Float16 __hypotf16(_Float16, _Float16) __API_AVAILABLE(macos(15.0), ios(18.0), watchos(11.0), tvos(18.0));
      |                            ^
/Applications/Xcode.app/Contents/Developer/Platforms/MacOSX.platform/Developer/SDKs/MacOSX15.5.sdk/usr/include/math.h:620:38: error: _Float16 is not supported on this target
  620 | extern _Float16 __hypotf16(_Float16, _Float16) __API_AVAILABLE(macos(15.0), ios(18.0), watchos(11.0), tvos(18.0));
      |                                      ^
/Applications/Xcode.app/Contents/Developer/Platforms/MacOSX.platform/Developer/SDKs/MacOSX15.5.sdk/usr/include/math.h:620:8: error: _Float16 is not supported on this target
  620 | extern _Float16 __hypotf16(_Float16, _Float16) __API_AVAILABLE(macos(15.0), ios(18.0), watchos(11.0), tvos(18.0));
      |        ^
/Applications/Xcode.app/Contents/Developer/Platforms/MacOSX.platform/Developer/SDKs/MacOSX15.5.sdk/usr/include/math.h:621:27: error: _Float16 is not supported on this target
  621 | extern _Float16 __sqrtf16(_Float16) __API_AVAILABLE(macos(15.0), ios(18.0), watchos(11.0), tvos(18.0));
      |                           ^
/Applications/Xcode.app/Contents/Developer/Platforms/MacOSX.platform/Developer/SDKs/MacOSX15.5.sdk/usr/include/math.h:621:8: error: _Float16 is not supported on this target
  621 | extern _Float16 __sqrtf16(_Float16) __API_AVAILABLE(macos(15.0), ios(18.0), watchos(11.0), tvos(18.0));
      |        ^
/Applications/Xcode.app/Contents/Developer/Platforms/MacOSX.platform/Developer/SDKs/MacOSX15.5.sdk/usr/include/math.h:622:27: error: _Float16 is not supported on this target
  622 | extern _Float16 __ceilf16(_Float16) __API_AVAILABLE(macos(15.0), ios(18.0), watchos(11.0), tvos(18.0));
      |                           ^
/Applications/Xcode.app/Contents/Developer/Platforms/MacOSX.platform/Developer/SDKs/MacOSX15.5.sdk/usr/include/math.h:622:8: error: _Float16 is not supported on this target
  622 | extern _Float16 __ceilf16(_Float16) __API_AVAILABLE(macos(15.0), ios(18.0), watchos(11.0), tvos(18.0));
      |        ^
/Applications/Xcode.app/Contents/Developer/Platforms/MacOSX.platform/Developer/SDKs/MacOSX15.5.sdk/usr/include/math.h:623:28: error: _Float16 is not supported on this target
  623 | extern _Float16 __floorf16(_Float16) __API_AVAILABLE(macos(15.0), ios(18.0), watchos(11.0), tvos(18.0));
      |                            ^
/Applications/Xcode.app/Contents/Developer/Platforms/MacOSX.platform/Developer/SDKs/MacOSX15.5.sdk/usr/include/math.h:623:8: error: _Float16 is not supported on this target
  623 | extern _Float16 __floorf16(_Float16) __API_AVAILABLE(macos(15.0), ios(18.0), watchos(11.0), tvos(18.0));
      |        ^
/Applications/Xcode.app/Contents/Developer/Platforms/MacOSX.platform/Developer/SDKs/MacOSX15.5.sdk/usr/include/math.h:624:27: error: _Float16 is not supported on this target
  624 | extern _Float16 __rintf16(_Float16) __API_AVAILABLE(macos(15.0), ios(18.0), watchos(11.0), tvos(18.0));
      |                           ^
/Applications/Xcode.app/Contents/Developer/Platforms/MacOSX.platform/Developer/SDKs/MacOSX15.5.sdk/usr/include/math.h:624:8: error: _Float16 is not supported on this target
  624 | extern _Float16 __rintf16(_Float16) __API_AVAILABLE(macos(15.0), ios(18.0), watchos(11.0), tvos(18.0));
      |        ^
/Applications/Xcode.app/Contents/Developer/Platforms/MacOSX.platform/Developer/SDKs/MacOSX15.5.sdk/usr/include/math.h:625:28: error: _Float16 is not supported on this target
  625 | extern _Float16 __roundf16(_Float16) __API_AVAILABLE(macos(15.0), ios(18.0), watchos(11.0), tvos(18.0));
      |                            ^
/Applications/Xcode.app/Contents/Developer/Platforms/MacOSX.platform/Developer/SDKs/MacOSX15.5.sdk/usr/include/math.h:625:8: error: _Float16 is not supported on this target
  625 | extern _Float16 __roundf16(_Float16) __API_AVAILABLE(macos(15.0), ios(18.0), watchos(11.0), tvos(18.0));
      |        ^
/Applications/Xcode.app/Contents/Developer/Platforms/MacOSX.platform/Developer/SDKs/MacOSX15.5.sdk/usr/include/math.h:626:28: error: _Float16 is not supported on this target
  626 | extern _Float16 __truncf16(_Float16) __API_AVAILABLE(macos(15.0), ios(18.0), watchos(11.0), tvos(18.0));
      |                            ^
/Applications/Xcode.app/Contents/Developer/Platforms/MacOSX.platform/Developer/SDKs/MacOSX15.5.sdk/usr/include/math.h:626:8: error: _Float16 is not supported on this target
  626 | extern _Float16 __truncf16(_Float16) __API_AVAILABLE(macos(15.0), ios(18.0), watchos(11.0), tvos(18.0));
      |        ^
/Applications/Xcode.app/Contents/Developer/Platforms/MacOSX.platform/Developer/SDKs/MacOSX15.5.sdk/usr/include/math.h:627:31: error: _Float16 is not supported on this target
  627 | extern _Float16 __copysignf16(_Float16, _Float16) __API_AVAILABLE(macos(15.0), ios(18.0), watchos(11.0), tvos(18.0));
      |                               ^
/Applications/Xcode.app/Contents/Developer/Platforms/MacOSX.platform/Developer/SDKs/MacOSX15.5.sdk/usr/include/math.h:627:41: error: _Float16 is not supported on this target
  627 | extern _Float16 __copysignf16(_Float16, _Float16) __API_AVAILABLE(macos(15.0), ios(18.0), watchos(11.0), tvos(18.0));
      |                                         ^
fatal error: too many errors emitted, stopping now [-ferror-limit=]
20 errors generated.
[2/130] Building C object CMakeFiles/sharpyuv.dir/sharpyuv/sharpyuv_gamma.c.o
FAILED: CMakeFiles/sharpyuv.dir/sharpyuv/sharpyuv_gamma.c.o 
/Applications/Xcode.app/Contents/Developer/Toolchains/XcodeDefault.xctoolchain/usr/bin/cc -DHAVE_CONFIG_H -I/Users/adam/Developer/vcs/github.twardoch/pub/pdf2htmlEX/v2/build/src/libwebp-1.3.2/build -I/Users/adam/Developer/vcs/github.twardoch/pub/pdf2htmlEX/v2/build/src/libwebp-1.3.2 -I/Users/adam/Developer/vcs/github.twardoch/pub/pdf2htmlEX/v2/build/src/libwebp-1.3.2/src -I/usr/local/include -I/Users/adam/Developer/vcs/github.twardoch/pub/pdf2htmlEX/v2/build/staging/include -I/Library/Frameworks/ONJpeg.framework/Headers -pthread -mno-sse4.1 -mno-sse2 -O3 -DNDEBUG -arch x86_64 -arch arm64 -isysroot /Applications/Xcode.app/Contents/Developer/Platforms/MacOSX.platform/Developer/SDKs/MacOSX15.5.sdk -fPIC -fvisibility=hidden -MD -MT CMakeFiles/sharpyuv.dir/sharpyuv/sharpyuv_gamma.c.o -MF CMakeFiles/sharpyuv.dir/sharpyuv/sharpyuv_gamma.c.o.d -o CMakeFiles/sharpyuv.dir/sharpyuv/sharpyuv_gamma.c.o -c /Users/adam/Developer/vcs/github.twardoch/pub/pdf2htmlEX/v2/build/src/libwebp-1.3.2/sharpyuv/sharpyuv_gamma.c
In file included from /Users/adam/Developer/vcs/github.twardoch/pub/pdf2htmlEX/v2/build/src/libwebp-1.3.2/sharpyuv/sharpyuv_gamma.c:15:
/Applications/Xcode.app/Contents/Developer/Platforms/MacOSX.platform/Developer/SDKs/MacOSX15.5.sdk/usr/include/math.h:619:27: error: _Float16 is not supported on this target
  619 | extern _Float16 __fabsf16(_Float16) __API_AVAILABLE(macos(15.0), ios(18.0), watchos(11.0), tvos(18.0));
      |                           ^
/Applications/Xcode.app/Contents/Developer/Platforms/MacOSX.platform/Developer/SDKs/MacOSX15.5.sdk/usr/include/math.h:619:8: error: _Float16 is not supported on this target
  619 | extern _Float16 __fabsf16(_Float16) __API_AVAILABLE(macos(15.0), ios(18.0), watchos(11.0), tvos(18.0));
      |        ^
/Applications/Xcode.app/Contents/Developer/Platforms/MacOSX.platform/Developer/SDKs/MacOSX15.5.sdk/usr/include/math.h:620:28: error: _Float16 is not supported on this target
  620 | extern _Float16 __hypotf16(_Float16, _Float16) __API_AVAILABLE(macos(15.0), ios(18.0), watchos(11.0), tvos(18.0));
      |                            ^
/Applications/Xcode.app/Contents/Developer/Platforms/MacOSX.platform/Developer/SDKs/MacOSX15.5.sdk/usr/include/math.h:620:38: error: _Float16 is not supported on this target
  620 | extern _Float16 __hypotf16(_Float16, _Float16) __API_AVAILABLE(macos(15.0), ios(18.0), watchos(11.0), tvos(18.0));
      |                                      ^
/Applications/Xcode.app/Contents/Developer/Platforms/MacOSX.platform/Developer/SDKs/MacOSX15.5.sdk/usr/include/math.h:620:8: error: _Float16 is not supported on this target
  620 | extern _Float16 __hypotf16(_Float16, _Float16) __API_AVAILABLE(macos(15.0), ios(18.0), watchos(11.0), tvos(18.0));
      |        ^
/Applications/Xcode.app/Contents/Developer/Platforms/MacOSX.platform/Developer/SDKs/MacOSX15.5.sdk/usr/include/math.h:621:27: error: _Float16 is not supported on this target
  621 | extern _Float16 __sqrtf16(_Float16) __API_AVAILABLE(macos(15.0), ios(18.0), watchos(11.0), tvos(18.0));
      |                           ^
/Applications/Xcode.app/Contents/Developer/Platforms/MacOSX.platform/Developer/SDKs/MacOSX15.5.sdk/usr/include/math.h:621:8: error: _Float16 is not supported on this target
  621 | extern _Float16 __sqrtf16(_Float16) __API_AVAILABLE(macos(15.0), ios(18.0), watchos(11.0), tvos(18.0));
      |        ^
/Applications/Xcode.app/Contents/Developer/Platforms/MacOSX.platform/Developer/SDKs/MacOSX15.5.sdk/usr/include/math.h:622:27: error: _Float16 is not supported on this target
  622 | extern _Float16 __ceilf16(_Float16) __API_AVAILABLE(macos(15.0), ios(18.0), watchos(11.0), tvos(18.0));
      |                           ^
/Applications/Xcode.app/Contents/Developer/Platforms/MacOSX.platform/Developer/SDKs/MacOSX15.5.sdk/usr/include/math.h:622:8: error: _Float16 is not supported on this target
  622 | extern _Float16 __ceilf16(_Float16) __API_AVAILABLE(macos(15.0), ios(18.0), watchos(11.0), tvos(18.0));
      |        ^
/Applications/Xcode.app/Contents/Developer/Platforms/MacOSX.platform/Developer/SDKs/MacOSX15.5.sdk/usr/include/math.h:623:28: error: _Float16 is not supported on this target
  623 | extern _Float16 __floorf16(_Float16) __API_AVAILABLE(macos(15.0), ios(18.0), watchos(11.0), tvos(18.0));
      |                            ^
/Applications/Xcode.app/Contents/Developer/Platforms/MacOSX.platform/Developer/SDKs/MacOSX15.5.sdk/usr/include/math.h:623:8: error: _Float16 is not supported on this target
  623 | extern _Float16 __floorf16(_Float16) __API_AVAILABLE(macos(15.0), ios(18.0), watchos(11.0), tvos(18.0));
      |        ^
/Applications/Xcode.app/Contents/Developer/Platforms/MacOSX.platform/Developer/SDKs/MacOSX15.5.sdk/usr/include/math.h:624:27: error: _Float16 is not supported on this target
  624 | extern _Float16 __rintf16(_Float16) __API_AVAILABLE(macos(15.0), ios(18.0), watchos(11.0), tvos(18.0));
      |                           ^
/Applications/Xcode.app/Contents/Developer/Platforms/MacOSX.platform/Developer/SDKs/MacOSX15.5.sdk/usr/include/math.h:624:8: error: _Float16 is not supported on this target
  624 | extern _Float16 __rintf16(_Float16) __API_AVAILABLE(macos(15.0), ios(18.0), watchos(11.0), tvos(18.0));
      |        ^
/Applications/Xcode.app/Contents/Developer/Platforms/MacOSX.platform/Developer/SDKs/MacOSX15.5.sdk/usr/include/math.h:625:28: error: _Float16 is not supported on this target
  625 | extern _Float16 __roundf16(_Float16) __API_AVAILABLE(macos(15.0), ios(18.0), watchos(11.0), tvos(18.0));
      |                            ^
/Applications/Xcode.app/Contents/Developer/Platforms/MacOSX.platform/Developer/SDKs/MacOSX15.5.sdk/usr/include/math.h:625:8: error: _Float16 is not supported on this target
  625 | extern _Float16 __roundf16(_Float16) __API_AVAILABLE(macos(15.0), ios(18.0), watchos(11.0), tvos(18.0));
      |        ^
/Applications/Xcode.app/Contents/Developer/Platforms/MacOSX.platform/Developer/SDKs/MacOSX15.5.sdk/usr/include/math.h:626:28: error: _Float16 is not supported on this target
  626 | extern _Float16 __truncf16(_Float16) __API_AVAILABLE(macos(15.0), ios(18.0), watchos(11.0), tvos(18.0));
      |                            ^
/Applications/Xcode.app/Contents/Developer/Platforms/MacOSX.platform/Developer/SDKs/MacOSX15.5.sdk/usr/include/math.h:626:8: error: _Float16 is not supported on this target
  626 | extern _Float16 __truncf16(_Float16) __API_AVAILABLE(macos(15.0), ios(18.0), watchos(11.0), tvos(18.0));
      |        ^
/Applications/Xcode.app/Contents/Developer/Platforms/MacOSX.platform/Developer/SDKs/MacOSX15.5.sdk/usr/include/math.h:627:31: error: _Float16 is not supported on this target
  627 | extern _Float16 __copysignf16(_Float16, _Float16) __API_AVAILABLE(macos(15.0), ios(18.0), watchos(11.0), tvos(18.0));
      |                               ^
/Applications/Xcode.app/Contents/Developer/Platforms/MacOSX.platform/Developer/SDKs/MacOSX15.5.sdk/usr/include/math.h:627:41: error: _Float16 is not supported on this target
  627 | extern _Float16 __copysignf16(_Float16, _Float16) __API_AVAILABLE(macos(15.0), ios(18.0), watchos(11.0), tvos(18.0));
      |                                         ^
fatal error: too many errors emitted, stopping now [-ferror-limit=]
20 errors generated.
[3/130] Building C object CMakeFiles/sharpyuv.dir/sharpyuv/sharpyuv_sse2.c.o
[4/130] Building C object CMakeFiles/sharpyuv.dir/sharpyuv/sharpyuv_neon.c.o
[5/130] Building C object CMakeFiles/sharpyuv.dir/sharpyuv/sharpyuv_cpu.c.o
[6/130] Building C object CMakeFiles/webpdecode.dir/src/dec/quant_dec.c.o
[7/130] Building C object CMakeFiles/sharpyuv.dir/sharpyuv/sharpyuv_dsp.c.o
[8/130] Building C object CMakeFiles/webpdecode.dir/src/dec/alpha_dec.c.o
[9/130] Building C object CMakeFiles/webpdecode.dir/src/dec/buffer_dec.c.o
[10/130] Building C object CMakeFiles/webpdecode.dir/src/dec/tree_dec.c.o
[11/130] Building C object CMakeFiles/webpdspdecode.dir/src/dsp/alpha_processing.c.o
[12/130] Building C object CMakeFiles/webpdecode.dir/src/dec/webp_dec.c.o
[13/130] Building C object CMakeFiles/webpdecode.dir/src/dec/idec_dec.c.o
[14/130] Building C object CMakeFiles/webpdecode.dir/src/dec/io_dec.c.o
[15/130] Building C object CMakeFiles/webpdecode.dir/src/dec/vp8_dec.c.o
[16/130] Building C object CMakeFiles/webpdecode.dir/src/dec/frame_dec.c.o
[17/130] Building C object CMakeFiles/sharpyuv.dir/sharpyuv/sharpyuv.c.o
[18/130] Building C object CMakeFiles/webpdecode.dir/src/dec/vp8l_dec.c.o
ninja: build stopped: subcommand failed.
